<?xml version="1.0" encoding="UTF-8"?>
<!-- Generated by org.testng.reporters.JUnitReportReporter -->
<testsuite hostname="DESKTOP-7ACPSIB" failures="0" tests="1" name="com.training.sanity.tests.LoginTests" time="12.737" errors="0" timestamp="2020-02-17T11:37:08 IST" skipped="0">
  <testcase classname="com.training.sanity.tests.LoginTests" name="validLoginTest" time="12.737"/>
</testsuite> <!-- com.training.sanity.tests.LoginTests -->
