<?xml version="1.0" encoding="UTF-8"?>
<!-- Generated by org.testng.reporters.JUnitReportReporter -->
<testsuite hostname="DESKTOP-7ACPSIB" failures="0" tests="4" name="com.training.sanity.tests.CreateCourseSession" time="94.531" errors="0" timestamp="2020-02-24T10:26:35 IST" skipped="0">
  <testcase classname="com.training.sanity.tests.CreateCourseSession" name="clickOnAdminTab" time="3.593"/>
  <testcase classname="com.training.sanity.tests.CreateCourseSession" name="clickOnAddTrainingSession" time="66.670"/>
  <testcase classname="com.training.sanity.tests.CreateCourseSession" name="enterDetailsToCreateNewCourse" time="22.528"/>
  <testcase classname="com.training.sanity.tests.CreateCourseSession" name="clickOnCreateNewCourseLink" time="1.740"/>
</testsuite> <!-- com.training.sanity.tests.CreateCourseSession -->
