<?xml version="1.0" encoding="UTF-8"?>
<!-- Generated by org.testng.reporters.JUnitReportReporter -->
<testsuite hostname="DESKTOP-7ACPSIB" failures="0" tests="3" name="com.training.sanity.tests.AddCourseToClass" time="22.165" errors="0" timestamp="2020-02-17T11:37:08 IST" skipped="0">
  <testcase classname="com.training.sanity.tests.AddCourseToClass" name="subscribeCoursesToClass" time="12.403"/>
  <testcase classname="com.training.sanity.tests.AddCourseToClass" name="clickonSubscribeCourseButton" time="7.071"/>
  <testcase classname="com.training.sanity.tests.AddCourseToClass" name="selectCourses" time="2.691"/>
</testsuite> <!-- com.training.sanity.tests.AddCourseToClass -->
