<?xml version="1.0" encoding="UTF-8"?>
<!-- Generated by org.testng.reporters.JUnitReportReporter -->
<testsuite hostname="DESKTOP-7ACPSIB" failures="0" tests="3" name="com.training.sanity.tests.ELTC028_AddCourseToClass" time="13.988" errors="0" timestamp="2020-03-05T13:38:57 IST" skipped="0">
  <testcase classname="com.training.sanity.tests.ELTC028_AddCourseToClass" name="subscribeCoursesToClass" time="7.767"/>
  <testcase classname="com.training.sanity.tests.ELTC028_AddCourseToClass" name="clickonSubscribeCourseButton" time="5.399"/>
  <testcase classname="com.training.sanity.tests.ELTC028_AddCourseToClass" name="selectCourses" time="0.822"/>
</testsuite> <!-- com.training.sanity.tests.ELTC028_AddCourseToClass -->
