<?xml version="1.0" encoding="UTF-8"?>
<!-- Generated by org.testng.reporters.JUnitReportReporter -->
<testsuite hostname="DESKTOP-7ACPSIB" failures="0" tests="3" name="com.training.sanity.tests.AddCourseToClass" time="20.317" errors="0" timestamp="2020-02-17T09:24:16 IST" skipped="0">
  <testcase classname="com.training.sanity.tests.AddCourseToClass" name="selectCourses" time="2.670"/>
  <testcase classname="com.training.sanity.tests.AddCourseToClass" name="clickonSubscribeCourseButton" time="6.856"/>
  <testcase classname="com.training.sanity.tests.AddCourseToClass" name="subscribeCoursesToClass" time="10.791"/>
</testsuite> <!-- com.training.sanity.tests.AddCourseToClass -->
