<?xml version="1.0" encoding="UTF-8"?>
<!-- Generated by org.testng.reporters.JUnitReportReporter -->
<testsuite hostname="DESKTOP-7ACPSIB" failures="0" tests="5" name="com.training.sanity.tests.CareerPromotions" time="43.415" errors="0" timestamp="2020-02-23T12:32:10 IST" skipped="0">
  <testcase classname="com.training.sanity.tests.CareerPromotions" name="createTrainingSession" time="16.875"/>
  <testcase classname="com.training.sanity.tests.CareerPromotions" name="clickOnCareersPromotionsLink" time="4.094"/>
  <testcase classname="com.training.sanity.tests.CareerPromotions" name="createPromotion" time="8.887"/>
  <testcase classname="com.training.sanity.tests.CareerPromotions" name="createCareer" time="9.131"/>
  <testcase classname="com.training.sanity.tests.CareerPromotions" name="clickOnAdminTab" time="4.428"/>
</testsuite> <!-- com.training.sanity.tests.CareerPromotions -->
