<?xml version="1.0" encoding="UTF-8"?>
<!-- Generated by org.testng.reporters.JUnitReportReporter -->
<testsuite hostname="DESKTOP-7ACPSIB" failures="0" tests="1" name="com.training.sanity.tests.RemoveClasses" time="9.068" errors="0" timestamp="2020-02-17T09:24:15 IST" skipped="0">
  <testcase classname="com.training.sanity.tests.RemoveClasses" name="clickOnDeleteButton" time="9.068"/>
</testsuite> <!-- com.training.sanity.tests.RemoveClasses -->
