<?xml version="1.0" encoding="UTF-8"?>
<!-- Generated by org.testng.reporters.JUnitReportReporter -->
<testsuite hostname="DESKTOP-7ACPSIB" failures="0" tests="4" name="com.training.sanity.tests.ELTC026_CreateClass" time="13.235" errors="0" timestamp="2020-03-05T13:38:57 IST" skipped="0">
  <testcase classname="com.training.sanity.tests.ELTC026_CreateClass" name="clickOnClassLink" time="3.790"/>
  <testcase classname="com.training.sanity.tests.ELTC026_CreateClass" name="clickAdminTab" time="2.171"/>
  <testcase classname="com.training.sanity.tests.ELTC026_CreateClass" name="clickOnAddButton" time="1.334"/>
  <testcase classname="com.training.sanity.tests.ELTC026_CreateClass" name="enterClassDetails" time="5.940"/>
</testsuite> <!-- com.training.sanity.tests.ELTC026_CreateClass -->
