<?xml version="1.0" encoding="UTF-8"?>
<!-- Generated by org.testng.reporters.JUnitReportReporter -->
<testsuite hostname="DESKTOP-7ACPSIB" failures="0" tests="1" name="com.training.sanity.tests.LoginTests" time="11.284" errors="0" timestamp="2020-02-17T09:24:17 IST" skipped="0">
  <testcase classname="com.training.sanity.tests.LoginTests" name="validLoginTest" time="11.284"/>
</testsuite> <!-- com.training.sanity.tests.LoginTests -->
