<?xml version="1.0" encoding="UTF-8"?>
<!-- Generated by org.testng.reporters.JUnitReportReporter -->
<testsuite hostname="DESKTOP-7ACPSIB" failures="0" tests="3" name="com.training.sanity.tests.SubscribeUserToClass" time="30.204" errors="0" timestamp="2020-02-17T11:37:08 IST" skipped="0">
  <testcase classname="com.training.sanity.tests.SubscribeUserToClass" name="clickonSubscribeUserButton" time="12.445"/>
  <testcase classname="com.training.sanity.tests.SubscribeUserToClass" name="subscribeUsersToClass" time="14.281"/>
  <testcase classname="com.training.sanity.tests.SubscribeUserToClass" name="selectUsers" time="3.478"/>
</testsuite> <!-- com.training.sanity.tests.SubscribeUserToClass -->
