<?xml version="1.0" encoding="UTF-8"?>
<!-- Generated by org.testng.reporters.JUnitReportReporter -->
<testsuite hostname="DESKTOP-7ACPSIB" failures="0" tests="1" name="com.training.regression.tests.ELTC078_CompareDBwithGUI" time="31.816" errors="0" timestamp="2020-03-05T13:49:08 IST" skipped="0">
  <testcase classname="com.training.regression.tests.ELTC078_CompareDBwithGUI" name="compareGUIDataWithDBData" time="31.816"/>
</testsuite> <!-- com.training.regression.tests.ELTC078_CompareDBwithGUI -->
