<?xml version="1.0" encoding="UTF-8"?>
<!-- Generated by org.testng.reporters.JUnitReportReporter -->
<testsuite hostname="DESKTOP-7ACPSIB" failures="0" tests="3" name="com.training.sanity.tests.SubscribeUserToClass" time="26.214" errors="0" timestamp="2020-02-17T09:24:16 IST" skipped="0">
  <testcase classname="com.training.sanity.tests.SubscribeUserToClass" name="subscribeUsersToClass" time="12.536"/>
  <testcase classname="com.training.sanity.tests.SubscribeUserToClass" name="clickonSubscribeUserButton" time="10.537"/>
  <testcase classname="com.training.sanity.tests.SubscribeUserToClass" name="selectUsers" time="3.141"/>
</testsuite> <!-- com.training.sanity.tests.SubscribeUserToClass -->
