<?xml version="1.0" encoding="UTF-8"?>
<!-- Generated by org.testng.reporters.JUnitReportReporter -->
<testsuite hostname="DESKTOP-7ACPSIB" failures="0" tests="4" name="com.training.sanity.tests.CreateClass" time="47.626" errors="0" timestamp="2020-02-17T11:37:08 IST" skipped="0">
  <testcase classname="com.training.sanity.tests.CreateClass" name="clickOnClassLink" time="6.494"/>
  <testcase classname="com.training.sanity.tests.CreateClass" name="enterClassDetails" time="25.421"/>
  <testcase classname="com.training.sanity.tests.CreateClass" name="clickOnAddButton" time="6.207"/>
  <testcase classname="com.training.sanity.tests.CreateClass" name="clickAdminTab" time="9.504"/>
</testsuite> <!-- com.training.sanity.tests.CreateClass -->
