<?xml version="1.0" encoding="UTF-8"?>
<!-- Generated by org.testng.reporters.JUnitReportReporter -->
<testsuite hostname="DESKTOP-7ACPSIB" failures="0" tests="1" name="com.training.regression.tests.ELTC076_SignUpUserAsTeacher" time="7.237" errors="0" timestamp="2020-03-04T15:25:10 IST" skipped="0">
  <testcase classname="com.training.regression.tests.ELTC076_SignUpUserAsTeacher" name="signUpNewUserTest" time="7.237"/>
</testsuite> <!-- com.training.regression.tests.ELTC076_SignUpUserAsTeacher -->
