<?xml version="1.0" encoding="UTF-8"?>
<!-- Generated by org.testng.reporters.JUnitReportReporter -->
<testsuite hostname="DESKTOP-7ACPSIB" failures="0" tests="2" name="com.training.sanity.tests.ELTC030_LogoutTest" time="8.537" errors="0" timestamp="2020-03-05T13:53:15 IST" skipped="0">
  <testcase classname="com.training.sanity.tests.ELTC030_LogoutTest" name="clickOnRecordDropdown" time="6.707"/>
  <testcase classname="com.training.sanity.tests.ELTC030_LogoutTest" name="clickLogoutButoon" time="1.830"/>
</testsuite> <!-- com.training.sanity.tests.ELTC030_LogoutTest -->
