<?xml version="1.0" encoding="UTF-8"?>
<!-- Generated by org.testng.reporters.JUnitReportReporter -->
<testsuite hostname="DESKTOP-7ACPSIB" failures="0" tests="5" name="com.training.sanity.tests.SubscribeUsersCoursesToSessions" time="28.314" errors="0" timestamp="2020-02-22T11:38:44 IST" skipped="0">
  <testcase classname="com.training.sanity.tests.SubscribeUsersCoursesToSessions" name="selectAndAddCourseToSession" time="10.781"/>
  <testcase classname="com.training.sanity.tests.SubscribeUsersCoursesToSessions" name="selectUserAndSubscribeUserToSession" time="10.057"/>
  <testcase classname="com.training.sanity.tests.SubscribeUsersCoursesToSessions" name="clickOnAdminTab" time="1.505"/>
  <testcase classname="com.training.sanity.tests.SubscribeUsersCoursesToSessions" name="clickOnTrainingSessionsListIcon" time="2.638"/>
  <testcase classname="com.training.sanity.tests.SubscribeUsersCoursesToSessions" name="clickOnSessionsCategoriesListLink" time="3.333"/>
</testsuite> <!-- com.training.sanity.tests.SubscribeUsersCoursesToSessions -->
