<?xml version="1.0" encoding="UTF-8"?>
<!-- Generated by org.testng.reporters.JUnitReportReporter -->
<testsuite hostname="DESKTOP-7ACPSIB" failures="0" tests="4" name="com.training.sanity.tests.CreateClass" time="23.291" errors="0" timestamp="2020-02-17T09:24:16 IST" skipped="0">
  <testcase classname="com.training.sanity.tests.CreateClass" name="clickOnAddButton" time="3.106"/>
  <testcase classname="com.training.sanity.tests.CreateClass" name="clickOnClassLink" time="5.401"/>
  <testcase classname="com.training.sanity.tests.CreateClass" name="enterClassDetails" time="10.799"/>
  <testcase classname="com.training.sanity.tests.CreateClass" name="clickAdminTab" time="3.985"/>
</testsuite> <!-- com.training.sanity.tests.CreateClass -->
