<?xml version="1.0" encoding="UTF-8"?>
<!-- Generated by org.testng.reporters.JUnitReportReporter -->
<testsuite hostname="DESKTOP-7ACPSIB" failures="0" tests="1" name="com.training.sanity.tests.ELTC029_RemoveClasses" time="13.318" errors="0" timestamp="2020-03-05T13:38:58 IST" skipped="0">
  <testcase classname="com.training.sanity.tests.ELTC029_RemoveClasses" name="clickOnDeleteButton" time="13.318"/>
</testsuite> <!-- com.training.sanity.tests.ELTC029_RemoveClasses -->
