<?xml version="1.0" encoding="UTF-8"?>
<!-- Generated by org.testng.reporters.JUnitReportReporter -->
<testsuite hostname="DESKTOP-7ACPSIB" failures="0" tests="1" name="com.training.sanity.tests.RemoveClasses" time="10.025" errors="0" timestamp="2020-02-17T11:37:09 IST" skipped="0">
  <testcase classname="com.training.sanity.tests.RemoveClasses" name="clickOnDeleteButton" time="10.025"/>
</testsuite> <!-- com.training.sanity.tests.RemoveClasses -->
