<?xml version="1.0" encoding="UTF-8"?>
<!-- Generated by org.testng.reporters.JUnitReportReporter -->
<testsuite hostname="DESKTOP-7ACPSIB" failures="0" tests="3" name="com.training.sanity.tests.ELTC027_SubscribeUserToClass" time="19.441" errors="0" timestamp="2020-03-05T13:38:58 IST" skipped="0">
  <testcase classname="com.training.sanity.tests.ELTC027_SubscribeUserToClass" name="subscribeUsersToClass" time="9.078"/>
  <testcase classname="com.training.sanity.tests.ELTC027_SubscribeUserToClass" name="selectUsers" time="0.899"/>
  <testcase classname="com.training.sanity.tests.ELTC027_SubscribeUserToClass" name="clickonSubscribeUserButton" time="9.464"/>
</testsuite> <!-- com.training.sanity.tests.ELTC027_SubscribeUserToClass -->
