<?xml version="1.0" encoding="UTF-8"?>
<!-- Generated by org.testng.reporters.JUnitReportReporter -->
<testsuite hostname="DESKTOP-7ACPSIB" failures="0" tests="2" name="com.training.sanity.tests.LogoutTest" time="12.861" errors="0" timestamp="2020-02-17T10:05:33 IST" skipped="0">
  <testcase classname="com.training.sanity.tests.LogoutTest" name="clickOnRecordDropdown" time="5.864"/>
  <testcase classname="com.training.sanity.tests.LogoutTest" name="clickLogoutButoon" time="6.997"/>
</testsuite> <!-- com.training.sanity.tests.LogoutTest -->
